<?xml version="1.0" encoding="UTF-8"?>
<!-- Generated by org.testng.reporters.JUnitReportReporter -->
<testsuite skipped="0" hostname="DESKTOP-NQU1HM3" name="org.testingbatch.anjali.PriorityTestcase1" tests="4" failures="0" timestamp="2022-06-23T21:12:31 BST" time="0.010" errors="0">
  <testcase name="launchbrowser" time="0.007" classname="org.testingbatch.anjali.PriorityTestcase1"/>
  <system-out/>
  <testcase name="login" time="0.001" classname="org.testingbatch.anjali.PriorityTestcase1"/>
  <system-out/>
  <testcase name="openbrowser" time="0.001" classname="org.testingbatch.anjali.PriorityTestcase1"/>
  <system-out/>
  <testcase name="closebrowser" time="0.001" classname="org.testingbatch.anjali.PriorityTestcase1"/>
  <system-out/>
</testsuite> <!-- org.testingbatch.anjali.PriorityTestcase1 -->
