<?xml version="1.0" encoding="UTF-8"?>
<!-- Generated by org.testng.reporters.JUnitReportReporter -->
<testsuite skipped="0" hostname="DESKTOP-NQU1HM3" name="org.testingbatch.anjali.DependOnTest1" tests="3" failures="0" timestamp="2022-06-28T20:41:20 BST" time="0.008" errors="0">
  <testcase name="openbrowser" time="0.007" classname="org.testingbatch.anjali.DependOnTest1"/>
  <system-out/>
  <testcase name="login" time="0.001" classname="org.testingbatch.anjali.DependOnTest1"/>
  <system-out/>
  <testcase name="sendmail" time="0.000" classname="org.testingbatch.anjali.DependOnTest1"/>
  <system-out/>
</testsuite> <!-- org.testingbatch.anjali.DependOnTest1 -->
