<?xml version="1.0" encoding="UTF-8"?>
<!-- Generated by org.testng.reporters.JUnitReportReporter -->
<testsuite skipped="0" hostname="DESKTOP-NQU1HM3" name="org.testingbatch.anjali.TestingNGtest1" tests="1" failures="0" timestamp="2022-06-23T20:27:32 BST" time="0.004" errors="0">
  <testcase name="method" time="0.004" classname="org.testingbatch.anjali.TestingNGtest1"/>
  <system-out/>
</testsuite> <!-- org.testingbatch.anjali.TestingNGtest1 -->
