<?xml version="1.0" encoding="UTF-8"?>
<!-- Generated by org.testng.reporters.JUnitReportReporter -->
<testsuite skipped="0" hostname="DESKTOP-NQU1HM3" name="org.testingbatch.anjali.TestNGSkinDepartment" tests="1" failures="0" timestamp="2022-06-26T15:39:44 BST" time="0.000" errors="0">
  <testcase name="SkinDepartment" time="0.000" classname="org.testingbatch.anjali.TestNGSkinDepartment"/>
  <system-out/>
</testsuite> <!-- org.testingbatch.anjali.TestNGSkinDepartment -->
